============================================================
Time  2019/10/01 16:25:53 566 
============================================================
[2019/10/01 16:25:53 569] lgi        684  SYS_MSG_LOAD  
[2019/10/01 16:25:53 592] lgi        706  SYS_MSG_REGCB  msp_status_cb  func(4c013960) 
[2019/10/01 16:25:53 607] lgi        298  LGI_MSG_INIT  
[2019/10/01 16:25:53 613] lgi        305  lgi  lgi_  268436457  1552287548  
[2019/10/01 16:25:53 620] lgi        347  work_dir  .  
[2019/10/01 16:25:53 623] lgi        403  token:  nil  
[2019/10/01 16:25:53 626] lgi        476  msc cver : 5.0.42.1226  
[2019/10/01 16:25:53 632] lgi        519  ns_enable=  1  
[2019/10/01 16:25:53 634] lgi        531  prot_ver=1  
[2019/10/01 16:25:53 637] lgi        542  prot_type=tcp  
[2019/10/01 16:25:53 649] lgi        693  SYS_MSG_UNLOAD  go bg!  
[2019/10/01 16:25:54 084] lgi        697  SYS_MSG_SHUTDOWN  
============================================================
Time  2019/10/01 16:26:20 447 
============================================================
[2019/10/01 16:26:20 449] lgi        684  SYS_MSG_LOAD  
[2019/10/01 16:26:20 472] lgi        706  SYS_MSG_REGCB  msp_status_cb  func(18013960) 
[2019/10/01 16:26:20 491] lgi        298  LGI_MSG_INIT  
[2019/10/01 16:26:20 495] lgi        305  lgi  lgi_  268436457  1552287548  
[2019/10/01 16:26:20 502] lgi        347  work_dir  .  
[2019/10/01 16:26:20 505] lgi        403  token:  nil  
[2019/10/01 16:26:20 509] lgi        476  msc cver : 5.0.42.1226  
[2019/10/01 16:26:20 513] lgi        519  ns_enable=  1  
[2019/10/01 16:26:20 516] lgi        531  prot_ver=1  
[2019/10/01 16:26:20 522] lgi        542  prot_type=tcp  
[2019/10/01 16:26:20 536] lgi        693  SYS_MSG_UNLOAD  go bg!  
[2019/10/01 16:26:20 851] lgi        697  SYS_MSG_SHUTDOWN  
============================================================
Time  2019/10/01 16:29:23 259 
============================================================
[2019/10/01 16:29:23 260] lgi        684  SYS_MSG_LOAD  
[2019/10/01 16:29:23 268] lgi        706  SYS_MSG_REGCB  msp_status_cb  func(dc013960) 
[2019/10/01 16:29:23 274] lgi        298  LGI_MSG_INIT  
[2019/10/01 16:29:23 275] lgi        305  lgi  lgi_  268436457  1552287548  
[2019/10/01 16:29:23 278] lgi        347  work_dir  .  
[2019/10/01 16:29:23 279] lgi        403  token:  nil  
[2019/10/01 16:29:23 280] lgi        476  msc cver : 5.0.42.1226  
[2019/10/01 16:29:23 281] lgi        519  ns_enable=  1  
[2019/10/01 16:29:23 283] lgi        531  prot_ver=1  
[2019/10/01 16:29:23 284] lgi        542  prot_type=tcp  
[2019/10/01 16:29:23 288] lgi        693  SYS_MSG_UNLOAD  go bg!  
[2019/10/01 16:29:27 771] lgi        697  SYS_MSG_SHUTDOWN  
============================================================
Time  2019/10/01 16:30:43 301 
============================================================
[2019/10/01 16:30:43 302] lgi        684  SYS_MSG_LOAD  
[2019/10/01 16:30:43 310] lgi        706  SYS_MSG_REGCB  msp_status_cb  func(e4053560) 
[2019/10/01 16:30:43 316] lgi        298  LGI_MSG_INIT  
[2019/10/01 16:30:43 318] lgi        305  lgi  lgi_  268436457  1552287548  
[2019/10/01 16:30:43 320] lgi        347  work_dir  .  
[2019/10/01 16:30:43 321] lgi        403  token:  nil  
[2019/10/01 16:30:43 323] lgi        476  msc cver : 5.0.42.1226  
[2019/10/01 16:30:43 324] lgi        519  ns_enable=  1  
[2019/10/01 16:30:43 325] lgi        531  prot_ver=1  
[2019/10/01 16:30:43 326] lgi        542  prot_type=tcp  
[2019/10/01 16:30:43 332] lgi        693  SYS_MSG_UNLOAD  go bg!  
[2019/10/01 16:30:45 475] lgi        697  SYS_MSG_SHUTDOWN  
