============================================================
Time  2019/10/01 16:29:25 453 
============================================================
[2019/10/01 16:29:25 454] waiter     120  waiter loaded!  
[2019/10/01 16:29:25 479] network    627  redns  def  open.xf-yun.com  
[2019/10/01 16:29:25 482] network    263  gethostbyname  open.xf-yun.com  redns1  
[2019/10/01 16:29:25 501] waiter     197  last gc at  1569918565  
[2019/10/01 16:29:25 520] network    245  dns resp  10214  redns1  
[2019/10/01 16:29:25 525] network    598  redns dns resp  table(ec015b60) 10214  nil  nil  
[2019/10/01 16:29:27 254] network    627  redns  def  open.xf-yun.com  
[2019/10/01 16:29:27 267] network    263  gethostbyname  open.xf-yun.com  redns2  
[2019/10/01 16:29:27 274] waiter     197  last gc at  1569918565  
[2019/10/01 16:29:27 292] network    245  dns resp  10214  redns2  
[2019/10/01 16:29:27 297] network    598  redns dns resp  table(ec016050) 10214  nil  nil  
[2019/10/01 16:29:27 733] waiter     184  start upload timer  
[2019/10/01 16:29:27 735] waiter     185  false  
[2019/10/01 16:29:27 737] waiter     197  last gc at  1569918565  
============================================================
Time  2019/10/01 16:30:44 512 
============================================================
[2019/10/01 16:30:44 512] waiter     120  waiter loaded!  
[2019/10/01 16:30:44 530] network    627  redns  def  open.xf-yun.com  
[2019/10/01 16:30:44 539] network    263  gethostbyname  open.xf-yun.com  redns1  
[2019/10/01 16:30:44 545] waiter     197  last gc at  1569918644  
[2019/10/01 16:30:44 560] network    245  dns resp  10214  redns1  
[2019/10/01 16:30:44 567] network    598  redns dns resp  table(f002d4d0) 10214  nil  nil  
[2019/10/01 16:30:45 439] waiter     184  start upload timer  
[2019/10/01 16:30:45 440] waiter     185  false  
[2019/10/01 16:30:45 442] waiter     197  last gc at  1569918644  
